        -:    0:Source:t002_noexec_error.c
        -:    0:Graph:t002_noexec_error.gcno
        -:    0:Data:t002_noexec_error.gcda
        -:    0:Runs:1
        -:    0:Programs:1
        -:    1:/* t002_noexec_error.c */
        -:    2:
function check_val called 1 returned 100% blocks executed 30%
        1:    3:static int check_val (int v)
        -:    4:{
        1:    5:    if (v == 0)
branch  0 taken 100% (fallthrough)
branch  1 taken 0%
        1:    6:        return (0);
    #####:    7:    else if (v == 1)
branch  0 never executed
branch  1 never executed
    #####:    8:        return (1);
    #####:    9:    else if (v == 2)
branch  0 never executed
branch  1 never executed
    #####:   10:        return (2);
    #####:   11:    else if (v == 3)
branch  0 never executed
branch  1 never executed
    #####:   12:        return (3);
        -:   13:    else
    #####:   14:        return (9);
        -:   15:}
        -:   16:
        -:   17:int
function main called 1 returned 100% blocks executed 100%
        1:   18:main (void)
        -:   19:{
        1:   20:    check_val (0);
call    0 returned 100%
        1:   21:    return (0);
        -:   22:}
